<?xml version="1.0" encoding="UTF-8"?>
<testng-results ignored="0" total="1" passed="1" failed="0" skipped="0">
  <reporter-output>
  </reporter-output>
  <suite started-at="2024-04-16T18:53:01 GST" name="Default suite" finished-at="2024-04-16T18:53:06 GST" duration-ms="4533">
    <groups>
    </groups>
    <test started-at="2024-04-16T18:53:01 GST" name="Default test" finished-at="2024-04-16T18:53:06 GST" duration-ms="4533">
      <class name="selenium.practices.HardAssertionTestNG">
        <test-method is-config="true" signature="setup()[pri:0, instance:selenium.practices.HardAssertionTestNG@1e04fa0a]" started-at="2024-04-16T18:53:01 GST" name="setup" finished-at="2024-04-16T18:53:05 GST" duration-ms="4294" status="PASS">
          <reporter-output>
          </reporter-output>
        </test-method> <!-- setup -->
        <test-method signature="verufyHomePageTitle()[pri:0, instance:selenium.practices.HardAssertionTestNG@1e04fa0a]" started-at="2024-04-16T18:53:05 GST" name="verufyHomePageTitle" finished-at="2024-04-16T18:53:05 GST" duration-ms="18" status="PASS">
          <reporter-output>
          </reporter-output>
        </test-method> <!-- verufyHomePageTitle -->
        <test-method is-config="true" signature="tearDown()[pri:0, instance:selenium.practices.HardAssertionTestNG@1e04fa0a]" started-at="2024-04-16T18:53:05 GST" name="tearDown" finished-at="2024-04-16T18:53:06 GST" duration-ms="193" status="PASS">
          <reporter-output>
          </reporter-output>
        </test-method> <!-- tearDown -->
      </class> <!-- selenium.practices.HardAssertionTestNG -->
    </test> <!-- Default test -->
  </suite> <!-- Default suite -->
</testng-results>
